<?xml version="1.0" encoding="UTF-8"?>
<!-- Generated by org.testng.reporters.JUnitReportReporter -->
<testsuite hostname="Rajesh" failures="0" tests="1" name="testCases.TC_002_LoginTest" time="1.811" errors="0" timestamp="2023-06-20T20:20:28 IST" skipped="0">
  <testcase classname="testCases.TC_002_LoginTest" name="test_login" time="1.811"/>
  <system-out/>
</testsuite> <!-- testCases.TC_002_LoginTest -->
